SF:C:\Users\lizal\Desktop\Project1\SpaceBattle\Move\MoveCommand.cs
FN:11,System.Void SpaceBattle.MoveCommand::Execute()
FNDA:4,System.Void SpaceBattle.MoveCommand::Execute()
DA:12,4
DA:13,4
DA:14,1
FN:5,System.Void SpaceBattle.MoveCommand::.ctor(SpaceBattle.IMovable)
FNDA:4,System.Void SpaceBattle.MoveCommand::.ctor(SpaceBattle.IMovable)
DA:6,4
DA:7,4
DA:8,4
DA:9,4
LF:7
LH:7
BRF:0
BRH:0
FNF:2
FNH:2
end_of_record
SF:C:\Users\lizal\Desktop\Project1\SpaceBattle\Vector.cs
FN:12,System.Boolean SpaceBattle.Vector::IsSameSize(SpaceBattle.Vector,SpaceBattle.Vector)
FNDA:3,System.Boolean SpaceBattle.Vector::IsSameSize(SpaceBattle.Vector,SpaceBattle.Vector)
DA:13,3
DA:14,3
DA:15,3
FN:17,SpaceBattle.Vector SpaceBattle.Vector::Sum(SpaceBattle.Vector,SpaceBattle.Vector)
FNDA:3,SpaceBattle.Vector SpaceBattle.Vector::Sum(SpaceBattle.Vector,SpaceBattle.Vector)
DA:18,3
DA:19,3
DA:20,0
DA:21,0
DA:22,3
DA:23,3
DA:24,18
DA:25,6
DA:26,6
DA:27,6
DA:28,3
DA:30,3
BRDA:19,13,0,0
BRDA:19,13,1,3
BRDA:24,85,1,6
BRDA:24,85,0,3
FN:32,SpaceBattle.Vector SpaceBattle.Vector::op_Addition(SpaceBattle.Vector,SpaceBattle.Vector)
FNDA:3,SpaceBattle.Vector SpaceBattle.Vector::op_Addition(SpaceBattle.Vector,SpaceBattle.Vector)
DA:33,3
DA:34,3
DA:35,3
FN:37,System.Boolean SpaceBattle.Vector::AreEquals(SpaceBattle.Vector,SpaceBattle.Vector)
FNDA:0,System.Boolean SpaceBattle.Vector::AreEquals(SpaceBattle.Vector,SpaceBattle.Vector)
DA:38,0
DA:39,0
DA:40,0
FN:42,System.Boolean SpaceBattle.Vector::Equals(System.Object)
FNDA:2,System.Boolean SpaceBattle.Vector::Equals(System.Object)
DA:43,2
DA:44,2
DA:45,2
BRDA:44,9,0,2
BRDA:44,9,1,0
FN:47,System.Int32 SpaceBattle.Vector::GetNComponent(System.Int32)
FNDA:0,System.Int32 SpaceBattle.Vector::GetNComponent(System.Int32)
DA:48,0
DA:49,0
DA:50,0
DA:51,0
DA:52,0
DA:54,0
DA:55,0
BRDA:50,34,0,0
BRDA:50,34,1,0
FN:6,System.Void SpaceBattle.Vector::.ctor(System.Int32[])
FNDA:14,System.Void SpaceBattle.Vector::.ctor(System.Int32[])
DA:7,14
DA:8,14
DA:9,14
DA:10,14
LF:35
LH:23
BRF:8
BRH:4
FNF:7
FNH:5
end_of_record
SF:C:\Users\lizal\Desktop\Project1\SpaceBattle\Rotate\RotateCommand.cs
FN:11,System.Void SpaceBattle.Lib.RotateCommand::Execute()
FNDA:0,System.Void SpaceBattle.Lib.RotateCommand::Execute()
DA:12,0
DA:13,0
DA:14,0
FN:5,System.Void SpaceBattle.Lib.RotateCommand::.ctor(SpaceBattle.Lib.IRotatable)
FNDA:0,System.Void SpaceBattle.Lib.RotateCommand::.ctor(SpaceBattle.Lib.IRotatable)
DA:6,0
DA:7,0
DA:8,0
DA:9,0
LF:7
LH:0
BRF:0
BRH:0
FNF:2
FNH:0
end_of_record